INFO:     Started server process [22960]
INFO:     Waiting for application startup.
2026-07-10 16:24:57 [INFO] bde_api: BDE Score™ API 启动 — 绑定 127.0.0.1:8890（🔒 安全模式）
2026-07-10 16:24:57 [INFO] bde_api: Dashboard: http://localhost:8890/
2026-07-10 16:24:57 [INFO] usdc_listener: 钱包地址验证通过: 0x349Eea0E2f4d3594797851758325Da3eb49D4343
2026-07-10 16:24:57 [INFO] bde_api: USDC支付系统已启动（独立线程）
2026-07-10 16:24:57 [INFO] usdc_listener: USDC后台监听启动
INFO:     Application startup complete.
INFO:     Uvicorn running on http://127.0.0.1:8890 (Press CTRL+C to quit)
2026-07-10 16:24:58 [INFO] usdc_listener: 扫描区块 48441175 → 48441272 (链最新: 48441275)
2026-07-10 16:24:59 [INFO] bde_api: 尝试通过FutuOpenD获取港股数据...
2026-07-10 16:24:59,730 | 22960 | 140476262031360 | [open_context_base.py:411] _init_connect_sync: New connect ready: conn=7481262183719058506(1) context=<futu.quote.open_quote_context.OpenQuoteContext object at 0x7fc30d26aba0>
2026-07-10 16:25:02,777 | 22960 | 140475705910848 | [open_context_base.py:521] on_disconnect: Disconnected: conn=0(1) reason=CallClose
2026-07-10 16:25:02 [INFO] factor_engine: 因子评估完成 | 26/26 只股票
INFO:     127.0.0.1:52118 - "GET /api/analyze?market=HK HTTP/1.1" 200 OK
2026-07-10 16:25:12 [INFO] usdc_listener: 扫描区块 48441272 → 48441279 (链最新: 48441282)
INFO:     127.0.0.1:43120 - "GET /api/analyze?market=ALL&force=true HTTP/1.1" 429 Too Many Requests
2026-07-10 16:25:25 [INFO] usdc_listener: 扫描区块 48441279 → 48441286 (链最新: 48441289)
2026-07-10 16:25:38 [INFO] usdc_listener: 扫描区块 48441286 → 48441292 (链最新: 48441295)
2026-07-10 16:25:52 [INFO] usdc_listener: 扫描区块 48441292 → 48441299 (链最新: 48441302)
2026-07-10 16:26:05 [INFO] usdc_listener: 扫描区块 48441299 → 48441306 (链最新: 48441309)
2026-07-10 16:26:19 [INFO] usdc_listener: 扫描区块 48441306 → 48441313 (链最新: 48441316)
2026-07-10 16:26:32 [INFO] bde_api: 尝试通过FutuOpenD获取全市场数据...
2026-07-10 16:26:32,659 | 22960 | 140476262031360 | [open_context_base.py:411] _init_connect_sync: New connect ready: conn=7481262573489249649(2) context=<futu.quote.open_quote_context.OpenQuoteContext object at 0x7fc2fff0d810>
2026-07-10 16:26:32 [INFO] usdc_listener: 扫描区块 48441313 → 48441319 (链最新: 48441322)
2026-07-10 16:26:41,165 | 22960 | 140475705910848 | [open_context_base.py:521] on_disconnect: Disconnected: conn=0(2) reason=CallClose
2026-07-10 16:26:41 [INFO] factor_engine: 因子评估完成 | 58/58 只股票
INFO:     127.0.0.1:50044 - "GET /api/analyze?market=ALL&force=true HTTP/1.1" 200 OK
2026-07-10 16:26:47 [INFO] usdc_listener: 扫描区块 48441319 → 48441326 (链最新: 48441329)
2026-07-10 16:27:00 [INFO] usdc_listener: 扫描区块 48441326 → 48441333 (链最新: 48441336)
2026-07-10 16:27:14 [INFO] usdc_listener: 扫描区块 48441333 → 48441340 (链最新: 48441343)
2026-07-10 16:27:28 [INFO] usdc_listener: 扫描区块 48441340 → 48441347 (链最新: 48441350)
2026-07-10 16:27:41 [INFO] usdc_listener: 扫描区块 48441347 → 48441354 (链最新: 48441357)
2026-07-10 16:27:55 [INFO] usdc_listener: 扫描区块 48441354 → 48441360 (链最新: 48441363)
2026-07-10 16:28:08 [INFO] usdc_listener: 扫描区块 48441360 → 48441367 (链最新: 48441370)
2026-07-10 16:28:22 [INFO] usdc_listener: 扫描区块 48441367 → 48441374 (链最新: 48441377)
2026-07-10 16:28:35 [INFO] usdc_listener: 扫描区块 48441374 → 48441381 (链最新: 48441384)
2026-07-10 16:28:48 [INFO] usdc_listener: 扫描区块 48441381 → 48441387 (链最新: 48441390)
2026-07-10 16:29:02 [INFO] usdc_listener: 扫描区块 48441387 → 48441394 (链最新: 48441397)
2026-07-10 16:29:15 [INFO] usdc_listener: 扫描区块 48441394 → 48441401 (链最新: 48441404)
2026-07-10 16:29:29 [INFO] usdc_listener: 扫描区块 48441401 → 48441408 (链最新: 48441411)
2026-07-10 16:29:43 [INFO] usdc_listener: 扫描区块 48441408 → 48441414 (链最新: 48441417)
2026-07-10 16:29:56 [INFO] usdc_listener: 扫描区块 48441414 → 48441421 (链最新: 48441424)
2026-07-10 16:30:10 [INFO] usdc_listener: 扫描区块 48441421 → 48441428 (链最新: 48441431)
2026-07-10 16:30:23 [INFO] usdc_listener: 扫描区块 48441428 → 48441435 (链最新: 48441438)
2026-07-10 16:30:36 [INFO] usdc_listener: 扫描区块 48441435 → 48441441 (链最新: 48441444)
2026-07-10 16:30:50 [INFO] usdc_listener: 扫描区块 48441441 → 48441448 (链最新: 48441451)
2026-07-10 16:31:03 [INFO] usdc_listener: 扫描区块 48441448 → 48441455 (链最新: 48441458)
2026-07-10 16:31:17 [INFO] usdc_listener: 扫描区块 48441455 → 48441462 (链最新: 48441465)
2026-07-10 16:31:30 [INFO] usdc_listener: 扫描区块 48441462 → 48441468 (链最新: 48441471)
2026-07-10 16:31:44 [INFO] usdc_listener: 扫描区块 48441468 → 48441475 (链最新: 48441478)
2026-07-10 16:31:57 [INFO] usdc_listener: 扫描区块 48441475 → 48441482 (链最新: 48441485)
2026-07-10 16:32:11 [INFO] usdc_listener: 扫描区块 48441482 → 48441488 (链最新: 48441491)
2026-07-10 16:32:24 [INFO] usdc_listener: 扫描区块 48441488 → 48441495 (链最新: 48441498)
2026-07-10 16:32:38 [INFO] usdc_listener: 扫描区块 48441495 → 48441502 (链最新: 48441505)
2026-07-10 16:32:52 [INFO] usdc_listener: 扫描区块 48441502 → 48441509 (链最新: 48441512)
2026-07-10 16:33:06 [INFO] usdc_listener: 扫描区块 48441509 → 48441516 (链最新: 48441519)
2026-07-10 16:33:20 [INFO] usdc_listener: 扫描区块 48441516 → 48441523 (链最新: 48441526)
2026-07-10 16:33:34 [INFO] usdc_listener: 扫描区块 48441523 → 48441530 (链最新: 48441533)
2026-07-10 16:33:47 [INFO] usdc_listener: 扫描区块 48441530 → 48441537 (链最新: 48441540)
2026-07-10 16:34:01 [INFO] usdc_listener: 扫描区块 48441537 → 48441543 (链最新: 48441546)
2026-07-10 16:34:14 [INFO] usdc_listener: 扫描区块 48441543 → 48441550 (链最新: 48441553)
2026-07-10 16:34:27 [INFO] usdc_listener: 扫描区块 48441550 → 48441557 (链最新: 48441560)
2026-07-10 16:34:41 [INFO] usdc_listener: 扫描区块 48441557 → 48441564 (链最新: 48441567)
2026-07-10 16:34:54 [INFO] usdc_listener: 扫描区块 48441564 → 48441570 (链最新: 48441573)
2026-07-10 16:35:08 [INFO] usdc_listener: 扫描区块 48441570 → 48441577 (链最新: 48441580)
2026-07-10 16:35:21 [INFO] usdc_listener: 扫描区块 48441577 → 48441584 (链最新: 48441587)
2026-07-10 16:35:35 [INFO] usdc_listener: 扫描区块 48441584 → 48441590 (链最新: 48441593)
2026-07-10 16:35:48 [INFO] usdc_listener: 扫描区块 48441590 → 48441597 (链最新: 48441600)
2026-07-10 16:36:02 [INFO] usdc_listener: 扫描区块 48441597 → 48441604 (链最新: 48441607)
2026-07-10 16:36:18 [INFO] usdc_listener: 扫描区块 48441604 → 48441612 (链最新: 48441615)
INFO:     98.91.77.46:0 - "GET / HTTP/1.1" 200 OK
2026-07-10 16:36:32 [INFO] usdc_listener: 扫描区块 48441612 → 48441619 (链最新: 48441622)
INFO:     127.0.0.1:50782 - "GET /api/health HTTP/1.1" 200 OK
INFO:     115.190.127.223:0 - "GET /api/health HTTP/1.1" 200 OK
2026-07-10 16:36:45 [INFO] usdc_listener: 扫描区块 48441619 → 48441626 (链最新: 48441629)
2026-07-10 16:36:59 [INFO] usdc_listener: 扫描区块 48441626 → 48441632 (链最新: 48441635)
2026-07-10 16:37:12 [INFO] usdc_listener: 扫描区块 48441632 → 48441639 (链最新: 48441642)
2026-07-10 16:37:26 [INFO] usdc_listener: 扫描区块 48441639 → 48441646 (链最新: 48441649)
2026-07-10 16:37:39 [INFO] usdc_listener: 扫描区块 48441646 → 48441653 (链最新: 48441656)
2026-07-10 16:37:52 [INFO] usdc_listener: 扫描区块 48441653 → 48441659 (链最新: 48441662)
2026-07-10 16:38:06 [INFO] usdc_listener: 扫描区块 48441659 → 48441666 (链最新: 48441669)
2026-07-10 16:38:19 [INFO] usdc_listener: 扫描区块 48441666 → 48441673 (链最新: 48441676)
2026-07-10 16:38:33 [INFO] usdc_listener: 扫描区块 48441673 → 48441680 (链最新: 48441683)
2026-07-10 16:38:47 [INFO] usdc_listener: 扫描区块 48441680 → 48441687 (链最新: 48441690)
2026-07-10 16:39:01 [INFO] usdc_listener: 扫描区块 48441687 → 48441693 (链最新: 48441696)
2026-07-10 16:39:14 [INFO] usdc_listener: 扫描区块 48441693 → 48441700 (链最新: 48441703)
2026-07-10 16:39:28 [INFO] usdc_listener: 扫描区块 48441700 → 48441707 (链最新: 48441710)
2026-07-10 16:39:42 [INFO] usdc_listener: 扫描区块 48441707 → 48441714 (链最新: 48441717)
2026-07-10 16:39:55 [INFO] usdc_listener: 扫描区块 48441714 → 48441721 (链最新: 48441724)
2026-07-10 16:40:08 [INFO] usdc_listener: 扫描区块 48441721 → 48441727 (链最新: 48441730)
2026-07-10 16:40:22 [INFO] usdc_listener: 扫描区块 48441727 → 48441734 (链最新: 48441737)
2026-07-10 16:40:38 [INFO] usdc_listener: 扫描区块 48441734 → 48441742 (链最新: 48441745)
INFO:     34.98.143.2:0 - "HEAD /api/analyze?market=ALL HTTP/1.1" 405 Method Not Allowed
INFO:     18.116.13.177:0 - "GET /api/analyze?market=ALL HTTP/1.1" 200 OK
INFO:     34.132.187.133:0 - "GET /api/analyze?market=ALL HTTP/1.1" 200 OK
INFO:     34.98.143.11:0 - "GET /api/analyze?market=ALL HTTP/1.1" 200 OK
INFO:     3.148.248.157:0 - "GET /api/analyze?market=ALL HTTP/1.1" 200 OK
INFO:     34.132.187.133:0 - "GET /favicon.ico HTTP/1.1" 404 Not Found
INFO:     2600:1900:0:2d0f::3401:0 - "GET /favicon.ico?market=ALL HTTP/1.1" 404 Not Found
INFO:     52.34.76.65:0 - "GET /api/analyze?market=ALL HTTP/1.1" 200 OK
INFO:     14.225.208.202:0 - "HEAD /api/analyze?market=ALL HTTP/1.1" 405 Method Not Allowed
INFO:     2001:41d0:20a:900::96:0 - "GET /api/analyze?market=ALL HTTP/1.1" 200 OK
INFO:     176.100.243.133:0 - "GET /api/analyze?market=ALL HTTP/1.1" 200 OK
2026-07-10 16:40:51 [INFO] usdc_listener: 扫描区块 48441742 → 48441749 (链最新: 48441752)
2026-07-10 16:41:05 [INFO] usdc_listener: 扫描区块 48441749 → 48441755 (链最新: 48441758)
2026-07-10 16:41:19 [INFO] usdc_listener: 扫描区块 48441755 → 48441763 (链最新: 48441766)
2026-07-10 16:41:33 [INFO] usdc_listener: 扫描区块 48441763 → 48441769 (链最新: 48441772)
2026-07-10 16:41:46 [INFO] usdc_listener: 扫描区块 48441769 → 48441776 (链最新: 48441779)
2026-07-10 16:42:00 [INFO] usdc_listener: 扫描区块 48441776 → 48441783 (链最新: 48441786)
2026-07-10 16:42:13 [INFO] usdc_listener: 扫描区块 48441783 → 48441790 (链最新: 48441793)
2026-07-10 16:42:26 [INFO] usdc_listener: 扫描区块 48441790 → 48441796 (链最新: 48441799)
2026-07-10 16:42:40 [INFO] usdc_listener: 扫描区块 48441796 → 48441803 (链最新: 48441806)
2026-07-10 16:42:54 [INFO] usdc_listener: 扫描区块 48441803 → 48441810 (链最新: 48441813)
2026-07-10 16:43:08 [INFO] usdc_listener: 扫描区块 48441810 → 48441817 (链最新: 48441820)
2026-07-10 16:43:21 [INFO] usdc_listener: 扫描区块 48441817 → 48441824 (链最新: 48441827)
2026-07-10 16:43:35 [INFO] usdc_listener: 扫描区块 48441824 → 48441830 (链最新: 48441833)
2026-07-10 16:43:48 [INFO] usdc_listener: 扫描区块 48441830 → 48441837 (链最新: 48441840)
2026-07-10 16:44:02 [INFO] usdc_listener: 扫描区块 48441837 → 48441844 (链最新: 48441847)
2026-07-10 16:44:15 [INFO] usdc_listener: 扫描区块 48441844 → 48441851 (链最新: 48441854)
2026-07-10 16:44:28 [INFO] usdc_listener: 扫描区块 48441851 → 48441857 (链最新: 48441860)
2026-07-10 16:44:42 [INFO] usdc_listener: 扫描区块 48441857 → 48441864 (链最新: 48441867)
2026-07-10 16:44:55 [INFO] usdc_listener: 扫描区块 48441864 → 48441871 (链最新: 48441874)
2026-07-10 16:45:09 [INFO] usdc_listener: 扫描区块 48441871 → 48441878 (链最新: 48441881)
2026-07-10 16:45:22 [INFO] usdc_listener: 扫描区块 48441878 → 48441884 (链最新: 48441887)
2026-07-10 16:45:36 [INFO] usdc_listener: 扫描区块 48441884 → 48441891 (链最新: 48441894)
2026-07-10 16:45:49 [INFO] usdc_listener: 扫描区块 48441891 → 48441898 (链最新: 48441901)
2026-07-10 16:46:03 [INFO] usdc_listener: 扫描区块 48441898 → 48441904 (链最新: 48441907)
2026-07-10 16:46:16 [INFO] usdc_listener: 扫描区块 48441904 → 48441911 (链最新: 48441914)
2026-07-10 16:46:29 [INFO] usdc_listener: 扫描区块 48441911 → 48441918 (链最新: 48441921)
2026-07-10 16:46:43 [INFO] usdc_listener: 扫描区块 48441918 → 48441925 (链最新: 48441928)
2026-07-10 16:46:56 [INFO] usdc_listener: 扫描区块 48441925 → 48441931 (链最新: 48441934)
2026-07-10 16:47:10 [INFO] usdc_listener: 扫描区块 48441931 → 48441938 (链最新: 48441941)
2026-07-10 16:47:25 [INFO] usdc_listener: 扫描区块 48441938 → 48441945 (链最新: 48441948)
2026-07-10 16:47:38 [INFO] usdc_listener: 扫描区块 48441945 → 48441952 (链最新: 48441955)
2026-07-10 16:47:54 [INFO] usdc_listener: 扫描区块 48441952 → 48441960 (链最新: 48441963)
2026-07-10 16:48:08 [INFO] usdc_listener: 扫描区块 48441960 → 48441967 (链最新: 48441970)
2026-07-10 16:48:21 [INFO] usdc_listener: 扫描区块 48441967 → 48441974 (链最新: 48441977)
2026-07-10 16:48:35 [INFO] usdc_listener: 扫描区块 48441974 → 48441980 (链最新: 48441983)
2026-07-10 16:48:48 [INFO] usdc_listener: 扫描区块 48441980 → 48441987 (链最新: 48441990)
2026-07-10 16:49:02 [INFO] usdc_listener: 扫描区块 48441987 → 48441994 (链最新: 48441997)
2026-07-10 16:49:15 [INFO] usdc_listener: 扫描区块 48441994 → 48442001 (链最新: 48442004)
2026-07-10 16:49:29 [INFO] usdc_listener: 扫描区块 48442001 → 48442008 (链最新: 48442011)
2026-07-10 16:49:43 [INFO] usdc_listener: 扫描区块 48442008 → 48442015 (链最新: 48442018)
2026-07-10 16:49:56 [INFO] usdc_listener: 扫描区块 48442015 → 48442021 (链最新: 48442024)
2026-07-10 16:50:10 [INFO] usdc_listener: 扫描区块 48442021 → 48442028 (链最新: 48442031)
2026-07-10 16:50:24 [INFO] usdc_listener: 扫描区块 48442028 → 48442035 (链最新: 48442038)
2026-07-10 16:50:37 [INFO] usdc_listener: 扫描区块 48442035 → 48442042 (链最新: 48442045)
2026-07-10 16:50:51 [INFO] usdc_listener: 扫描区块 48442042 → 48442048 (链最新: 48442051)
2026-07-10 16:51:04 [INFO] usdc_listener: 扫描区块 48442048 → 48442055 (链最新: 48442058)
2026-07-10 16:51:18 [INFO] usdc_listener: 扫描区块 48442055 → 48442062 (链最新: 48442065)
2026-07-10 16:51:31 [INFO] usdc_listener: 扫描区块 48442062 → 48442069 (链最新: 48442072)
2026-07-10 16:51:45 [INFO] usdc_listener: 扫描区块 48442069 → 48442075 (链最新: 48442078)
2026-07-10 16:51:58 [INFO] usdc_listener: 扫描区块 48442075 → 48442082 (链最新: 48442085)
2026-07-10 16:52:11 [INFO] usdc_listener: 扫描区块 48442082 → 48442089 (链最新: 48442092)
2026-07-10 16:52:26 [INFO] usdc_listener: 扫描区块 48442089 → 48442096 (链最新: 48442099)
2026-07-10 16:52:39 [INFO] usdc_listener: 扫描区块 48442096 → 48442103 (链最新: 48442106)
2026-07-10 16:52:53 [INFO] usdc_listener: 扫描区块 48442103 → 48442109 (链最新: 48442112)
2026-07-10 16:53:06 [INFO] usdc_listener: 扫描区块 48442109 → 48442116 (链最新: 48442119)
2026-07-10 16:53:19 [INFO] usdc_listener: 扫描区块 48442116 → 48442123 (链最新: 48442126)
2026-07-10 16:53:33 [INFO] usdc_listener: 扫描区块 48442123 → 48442130 (链最新: 48442133)
2026-07-10 16:53:46 [INFO] usdc_listener: 扫描区块 48442130 → 48442136 (链最新: 48442139)
2026-07-10 16:54:00 [INFO] usdc_listener: 扫描区块 48442136 → 48442143 (链最新: 48442146)
2026-07-10 16:54:13 [INFO] usdc_listener: 扫描区块 48442143 → 48442150 (链最新: 48442153)
2026-07-10 16:54:27 [INFO] usdc_listener: 扫描区块 48442150 → 48442156 (链最新: 48442159)
2026-07-10 16:54:40 [INFO] usdc_listener: 扫描区块 48442156 → 48442163 (链最新: 48442166)
2026-07-10 16:54:54 [INFO] usdc_listener: 扫描区块 48442163 → 48442170 (链最新: 48442173)
2026-07-10 16:55:07 [INFO] usdc_listener: 扫描区块 48442170 → 48442177 (链最新: 48442180)
2026-07-10 16:55:21 [INFO] usdc_listener: 扫描区块 48442177 → 48442184 (链最新: 48442187)
2026-07-10 16:55:34 [INFO] usdc_listener: 扫描区块 48442184 → 48442190 (链最新: 48442193)
2026-07-10 16:55:48 [INFO] usdc_listener: 扫描区块 48442190 → 48442197 (链最新: 48442200)
2026-07-10 16:56:01 [INFO] usdc_listener: 扫描区块 48442197 → 48442204 (链最新: 48442207)
2026-07-10 16:56:15 [INFO] usdc_listener: 扫描区块 48442204 → 48442211 (链最新: 48442214)
2026-07-10 16:56:28 [INFO] usdc_listener: 扫描区块 48442211 → 48442217 (链最新: 48442220)
2026-07-10 16:56:42 [INFO] usdc_listener: 扫描区块 48442217 → 48442224 (链最新: 48442227)
2026-07-10 16:56:55 [INFO] usdc_listener: 扫描区块 48442224 → 48442231 (链最新: 48442234)
2026-07-10 16:57:09 [INFO] usdc_listener: 扫描区块 48442231 → 48442238 (链最新: 48442241)
2026-07-10 16:57:22 [INFO] usdc_listener: 扫描区块 48442238 → 48442244 (链最新: 48442247)
2026-07-10 16:57:36 [INFO] usdc_listener: 扫描区块 48442244 → 48442251 (链最新: 48442254)
2026-07-10 16:57:49 [INFO] usdc_listener: 扫描区块 48442251 → 48442258 (链最新: 48442261)
2026-07-10 16:58:03 [INFO] usdc_listener: 扫描区块 48442258 → 48442264 (链最新: 48442267)
2026-07-10 16:58:16 [INFO] usdc_listener: 扫描区块 48442264 → 48442271 (链最新: 48442274)
2026-07-10 16:58:30 [INFO] usdc_listener: 扫描区块 48442271 → 48442278 (链最新: 48442281)
2026-07-10 16:58:43 [INFO] usdc_listener: 扫描区块 48442278 → 48442285 (链最新: 48442288)
2026-07-10 16:58:57 [INFO] usdc_listener: 扫描区块 48442285 → 48442291 (链最新: 48442294)
2026-07-10 16:59:10 [INFO] usdc_listener: 扫描区块 48442291 → 48442298 (链最新: 48442301)
2026-07-10 16:59:24 [INFO] usdc_listener: 扫描区块 48442298 → 48442305 (链最新: 48442308)
2026-07-10 16:59:37 [INFO] usdc_listener: 扫描区块 48442305 → 48442312 (链最新: 48442315)
2026-07-10 16:59:50 [INFO] usdc_listener: 扫描区块 48442312 → 48442318 (链最新: 48442321)
2026-07-10 17:00:04 [INFO] usdc_listener: 扫描区块 48442318 → 48442325 (链最新: 48442328)
2026-07-10 17:00:17 [INFO] usdc_listener: 扫描区块 48442325 → 48442332 (链最新: 48442335)
2026-07-10 17:00:31 [INFO] usdc_listener: 扫描区块 48442332 → 48442339 (链最新: 48442342)
2026-07-10 17:00:45 [INFO] usdc_listener: 扫描区块 48442339 → 48442345 (链最新: 48442348)
2026-07-10 17:00:59 [INFO] usdc_listener: 扫描区块 48442345 → 48442353 (链最新: 48442356)
2026-07-10 17:01:13 [INFO] usdc_listener: 扫描区块 48442353 → 48442359 (链最新: 48442362)
2026-07-10 17:01:26 [INFO] usdc_listener: 扫描区块 48442359 → 48442366 (链最新: 48442369)
2026-07-10 17:01:40 [INFO] usdc_listener: 扫描区块 48442366 → 48442373 (链最新: 48442376)
2026-07-10 17:01:53 [INFO] usdc_listener: 扫描区块 48442373 → 48442380 (链最新: 48442383)
2026-07-10 17:02:07 [INFO] usdc_listener: 扫描区块 48442380 → 48442387 (链最新: 48442390)
2026-07-10 17:02:21 [INFO] usdc_listener: 扫描区块 48442387 → 48442394 (链最新: 48442397)
2026-07-10 17:02:35 [INFO] usdc_listener: 扫描区块 48442394 → 48442401 (链最新: 48442404)
2026-07-10 17:02:49 [INFO] usdc_listener: 扫描区块 48442401 → 48442407 (链最新: 48442410)
2026-07-10 17:03:03 [INFO] usdc_listener: 扫描区块 48442407 → 48442414 (链最新: 48442417)
2026-07-10 17:03:16 [INFO] usdc_listener: 扫描区块 48442414 → 48442421 (链最新: 48442424)
2026-07-10 17:03:30 [INFO] usdc_listener: 扫描区块 48442421 → 48442428 (链最新: 48442431)
2026-07-10 17:03:43 [INFO] usdc_listener: 扫描区块 48442428 → 48442435 (链最新: 48442438)
INFO:     Shutting down
INFO:     Waiting for application shutdown.
2026-07-10 17:03:53 [INFO] usdc_listener: USDC后台监听已停止
2026-07-10 17:03:53 [INFO] bde_api: USDC支付系统已停止
INFO:     Application shutdown complete.
INFO:     Finished server process [22960]
