INFO:     Started server process [10767]
INFO:     Waiting for application startup.
2026-07-10 15:01:46 [INFO] bde_api: BDE Scoreв„ў API еҗҜеҠЁ вҖ” з»‘е®ҡ 127.0.0.1:8890пјҲрҹ”’ е®үе…ЁжЁЎејҸпјү
2026-07-10 15:01:46 [INFO] bde_api: Dashboard: http://localhost:8890/
2026-07-10 15:01:46 [INFO] usdc_listener: й’ұеҢ…ең°еқҖйӘҢиҜҒйҖҡиҝҮ: 0x349Eea0E2f4d3594797851758325Da3eb49D4343
2026-07-10 15:01:46 [INFO] bde_api: USDCж”Ҝд»ҳзі»з»ҹе·ІеҗҜеҠЁпјҲзӢ¬з«ӢзәҝзЁӢпјү
2026-07-10 15:01:46 [INFO] usdc_listener: USDCеҗҺеҸ°зӣ‘еҗ¬еҗҜеҠЁ
INFO:     Application startup complete.
INFO:     Uvicorn running on http://127.0.0.1:8890 (Press CTRL+C to quit)
2026-07-10 15:01:47 [INFO] usdc_listener: жү«жҸҸеҢәеқ— 48438680 вҶ’ 48438777 (й“ҫжңҖж–°: 48438780)
INFO:     127.0.0.1:45292 - "GET /api/health HTTP/1.1" 200 OK
INFO:     127.0.0.1:45304 - "GET /api/payment/config HTTP/1.1" 200 OK
INFINFO:     Application startup complete.
ERROR:    [Errno 98] error while attempting to bind on address ('127.0.0.1', 8890): address already in use
INFO:     Waiting for application shutdown.
2026-07-10 15:14:18 [INFO] usdc_listener: USDCеҗҺеҸ°зӣ‘еҗ¬е·ІеҒңжӯў
2026-07-10 15:14:18 [INFO] bde_api: USDCж”Ҝд»ҳзі»з»ҹе·ІеҒңжӯў
INFO:     Application shutdown complete.
«жҸҸеҢәеқ— 48438783 вҶ’ 48438790 (й“ҫжңҖж–°: 48438793)
INFO:     115.190.127.223:0 - "GET /api/payment/config HTTP/1.1" 200 OK
INFO:     115.190.107.107:0 - "GET /api/payment/chain-status HTTP/1.1" 200 OK
2026-07-10 15:02:28 [INFO] usdc_listener: жү«жҸҸеҢәеқ— 48438790 вҶ’ 48438797 (й“ҫжңҖж–°: 48438800)
INFO:     115.190.127.67:0 - "GET /api/health HTTP/1.1" 200 OK
INFO:     115.190.107.107:0 - "HEAD /api/health HTTP/1.1" 405 Method Not Allowed
2026-07-10 15:02:42 [INFO] usdc_listener: жү«жҸҸеҢәеқ— 48438797 вҶ’ 48438804 (й“ҫжңҖж–°: 48438807)
2026-07-10 15:02:55 [INFO] usdc_listener: жү«жҸҸеҢәеқ— 48438804 вҶ’ 48438811 (й“ҫжңҖж–°: 48438814)
2026-07-10 15:03:08 [INFO] usdc_listener: жү«жҸҸеҢәеқ— 48438811 вҶ’ 48438817 (й“ҫжңҖж–°: 48438820)
2026-07-10 15:03:22 [INFO] usdc_listener: жү«жҸҸеҢәеқ— 48438817 вҶ’ 48438824 (й“ҫжңҖж–°: 48438827)
2026-07-10 15:03:36 [INFO] usdc_listener: жү«жҸҸеҢәеқ— 48438824 вҶ’ 48438831 (й“ҫжңҖж–°: 48438834)
2026-07-10 15:03:49 [INFO] usdc_listener: жү«жҸҸеҢәеқ— 48438831 вҶ’ 48438838 (й“ҫжңҖж–°: 48438841)
2026-07-10 15:04:03 [INFO] usdc_listener: жү«жҸҸеҢәеқ— 48438838 вҶ’ 48438844 (й“ҫжңҖж–°: 48438847)
2026-07-10 15:04:16 [INFO] usdc_listener: жү«жҸҸеҢәеқ— 48438844 вҶ’ 48438851 (й“ҫжңҖж–°: 48438854)
2026-07-10 15:04:29 [INFO] usdc_listener: жү«жҸҸеҢәеқ— 48438851 вҶ’ 48438858 (й“ҫжңҖж–°: 48438861)
2026-07-10 15:04:43 [INFO] usdc_listener: жү«жҸҸеҢәеқ— 48438858 вҶ’ 48438865 (й“ҫжңҖж–°: 48438868)
2026-07-10 15:04:56 [INFO] usdc_listener: жү«жҸҸеҢәеқ— 48438865 вҶ’ 48438871 (й“ҫжңҖж–°: 48438874)
2026-07-10 15:05:10 [INFO] usdc_listener: жү«жҸҸеҢәеқ— 48438871 вҶ’ 48438878 (й“ҫжңҖж–°: 48438881)
2026-07-10 15:05:23 [INFO] usdc_listener: жү«жҸҸеҢәеқ— 48438878 вҶ’ 48438885 (й“ҫжңҖж–°: 48438888)
2026-07-10 15:05:36 [INFO] usdc_listener: жү«жҸҸеҢәеқ— 48438885 вҶ’ 48438891 (й“ҫжңҖж–°: 48438894)
2026-07-10 15:05:50 [INFO] usdc_listener: жү«жҸҸеҢәеқ— 48438891 вҶ’ 48438898 (й“ҫжңҖж–°: 48438901)
2026-07-10 15:06:03 [INFO] usdc_listener: жү«жҸҸеҢәеқ— 48438898 вҶ’ 48438905 (й“ҫжңҖж–°: 48438908)
2026-07-10 15:06:17 [INFO] usdc_listener: жү«жҸҸеҢәеқ— 48438905 вҶ’ 48438911 (й“ҫжңҖж–°: 48438914)
2026-07-10 15:06:30 [INFO] usdc_listener: жү«жҸҸеҢәеқ— 48438911 вҶ’ 48438918 (й“ҫжңҖж–°: 48438921)
2026-07-10 15:06:44 [INFO] usdc_listener: жү«жҸҸеҢәеқ— 48438918 вҶ’ 48438925 (й“ҫжңҖж–°: 48438928)
2026-07-10 15:06:58 [INFO] usdc_listener: жү«жҸҸеҢәеқ— 48438925 вҶ’ 48438932 (й“ҫжңҖж–°: 48438935)
2026-07-10 15:07:12 [INFO] usdc_listener: жү«жҸҸеҢәеқ— 48438932 вҶ’ 48438939 (й“ҫжңҖж–°: 48438942)
INFO:     150.255.92.248:0 - "GET /favicon.ico?v=2.0 HTTP/1.1" 404 Not Found
INFO:     110.179.80.214:0 - "GET /favicon.ico HTTP/1.1" 404 Not Found
2026-07-10 15:07:25 [INFO] usdc_listener: жү«жҸҸеҢәеқ— 48438939 вҶ’ 48438946 (й“ҫжңҖж–°: 48438949)
INFO:     175.19.74.158:0 - "GET / HTTP/1.1" 200 OK
2026-07-10 15:07:39 [INFO] usdc_listener: жү«жҸҸеҢәеқ— 48438946 вҶ’ 48438953 (й“ҫжңҖж–°: 48438956)
2026-07-10 15:07:52 [INFO] usdc_listener: жү«жҸҸеҢәеқ— 48438953 вҶ’ 48438959 (й“ҫжңҖж–°: 48438962)
2026-07-10 15:08:06 [INFO] usdc_listener: жү«жҸҸеҢәеқ— 48438959 вҶ’ 48438966 (й“ҫжңҖж–°: 48438969)
2026-07-10 15:08:19 [INFO] usdc_listener: жү«жҸҸеҢәеқ— 48438966 вҶ’ 48438973 (й“ҫжңҖж–°: 48438976)
2026-07-10 15:08:33 [INFO] usdc_listener: жү«жҸҸеҢәеқ— 48438973 вҶ’ 48438979 (й“ҫжңҖж–°: 48438982)
2026-07-10 15:08:46 [INFO] usdc_listener: жү«жҸҸеҢәеқ— 48438979 вҶ’ 48438986 (й“ҫжңҖж–°: 48438989)
2026-07-10 15:09:00 [INFO] usdc_listener: жү«жҸҸеҢәеқ— 48438986 вҶ’ 48438993 (й“ҫжңҖж–°: 48438996)
2026-07-10 15:09:13 [INFO] usdc_listener: жү«жҸҸеҢәеқ— 48438993 вҶ’ 48439000 (й“ҫжңҖж–°: 48439003)
2026-07-10 15:09:26 [INFO] usdc_listener: жү«жҸҸеҢәеқ— 48439000 вҶ’ 48439006 (й“ҫжңҖж–°: 48439009)
2026-07-10 15:09:40 [INFO] usdc_listener: жү«жҸҸеҢәеқ— 48439006 вҶ’ 48439013 (й“ҫжңҖж–°: 48439016)
2026-07-10 15:09:53 [INFO] usdc_listener: жү«жҸҸеҢәеқ— 48439013 вҶ’ 48439020 (й“ҫжңҖж–°: 48439023)
2026-07-10 15:10:06 [INFO] usdc_listener: жү«жҸҸеҢәеқ— 48439020 вҶ’ 48439026 (й“ҫжңҖж–°: 48439029)
2026-07-10 15:10:20 [INFO] usdc_listener: жү«жҸҸеҢәеқ— 48439026 вҶ’ 48439033 (й“ҫжңҖж–°: 48439036)
2026-07-10 15:10:33 [INFO] usdc_listener: жү«жҸҸеҢәеқ— 48439033 вҶ’ 48439040 (й“ҫжңҖж–°: 48439043)
2026-07-10 15:10:47 [INFO] usdc_listener: жү«жҸҸеҢәеқ— 48439040 вҶ’ 48439046 (й“ҫжңҖж–°: 48439049)
2026-07-10 15:11:00 [INFO] usdc_listener: жү«жҸҸеҢәеқ— 48439046 вҶ’ 48439053 (й“ҫжңҖж–°: 48439056)
2026-07-10 15:11:13 [INFO] usdc_listener: жү«жҸҸеҢәеқ— 48439053 вҶ’ 48439060 (й“ҫжңҖж–°: 48439063)
2026-07-10 15:11:27 [INFO] usdc_listener: жү«жҸҸеҢәеқ— 48439060 вҶ’ 48439066 (й“ҫжңҖж–°: 48439069)
2026-07-10 15:11:40 [INFO] usdc_listener: жү«жҸҸеҢәеқ— 48439066 вҶ’ 48439073 (й“ҫжңҖж–°: 48439076)
2026-07-10 15:11:53 [INFO] usdc_listener: жү«жҸҸеҢәеқ— 48439073 вҶ’ 48439080 (й“ҫжңҖж–°: 48439083)
2026-07-10 15:12:07 [INFO] usdc_listener: жү«жҸҸеҢәеқ— 48439080 вҶ’ 48439087 (й“ҫжңҖж–°: 48439090)
2026-07-10 15:12:20 [INFO] usdc_listener: жү«жҸҸеҢәеқ— 48439087 вҶ’ 48439093 (й“ҫжңҖж–°: 48439096)
2026-07-10 15:12:34 [INFO] usdc_listener: жү«жҸҸеҢәеқ— 48439093 вҶ’ 48439100 (й“ҫжңҖж–°: 48439103)
2026-07-10 15:12:47 [INFO] usdc_listener: жү«жҸҸеҢәеқ— 48439100 вҶ’ 48439107 (й“ҫжңҖж–°: 48439110)
2026-07-10 15:13:00 [INFO] usdc_listener: жү«жҸҸеҢәеқ— 48439107 вҶ’ 48439113 (й“ҫжңҖж–°: 48439116)
2026-07-10 15:13:14 [INFO] usdc_listener: жү«жҸҸеҢәеқ— 48439113 вҶ’ 48439120 (й“ҫжңҖж–°: 48439123)
2026-07-10 15:13:27 [INFO] usdc_listener: жү«жҸҸеҢәеқ— 48439120 вҶ’ 48439127 (й“ҫжңҖж–°: 48439130)
2026-07-10 15:13:41 [INFO] usdc_listener: жү«жҸҸеҢәеқ— 48439127 вҶ’ 48439133 (й“ҫжңҖж–°: 48439136)
2026-07-10 15:13:54 [INFO] usdc_listener: жү«жҸҸеҢәеқ— 48439133 вҶ’ 48439140 (й“ҫжңҖж–°: 48439143)
2026-07-10 15:14:07 [INFO] usdc_listener: жү«жҸҸеҢәеқ— 48439140 вҶ’ 48439147 (й“ҫжңҖж–°: 48439150)
2026-07-10 15:14:21 [INFO] usdc_listener: жү«жҸҸеҢәеқ— 48439147 вҶ’ 48439153 (й“ҫжңҖж–°: 48439156)
2026-07-10 15:14:34 [INFO] usdc_listener: жү«жҸҸеҢәеқ— 48439153 вҶ’ 48439160 (й“ҫжңҖж–°: 48439163)
2026-07-10 15:14:49 [INFO] usdc_listener: жү«жҸҸеҢәеқ— 48439160 вҶ’ 48439167 (й“ҫжңҖж–°: 48439170)
2026-07-10 15:15:02 [INFO] usdc_listener: жү«жҸҸеҢәеқ— 48439167 вҶ’ 48439174 (й“ҫжңҖж–°: 48439177)
2026-07-10 15:15:15 [INFO] usdc_listener: жү«жҸҸеҢәеқ— 48439174 вҶ’ 48439181 (й“ҫжңҖж–°: 48439184)
2026-07-10 15:15:34 [ERROR] usdc_listener: RPCиҝһжҺҘж–ӯејҖ
2026-07-10 15:15:47 [INFO] usdc_listener: жү«жҸҸеҢәеқ— 48439181 вҶ’ 48439196 (й“ҫжңҖж–°: 48439199)
2026-07-10 15:16:00 [INFO] usdc_listener: жү«жҸҸеҢәеқ— 48439196 вҶ’ 48439203 (й“ҫжңҖж–°: 48439206)
2026-07-10 15:16:13 [INFO] usdc_listener: жү«жҸҸеҢәеқ— 48439203 вҶ’ 48439210 (й“ҫжңҖж–°: 48439213)
2026-07-10 15:16:27 [INFO] usdc_listener: жү«жҸҸеҢәеқ— 48439210 вҶ’ 48439217 (й“ҫжңҖж–°: 48439220)
2026-07-10 15:16:41 [INFO] usdc_listener: жү«жҸҸеҢәеқ— 48439217 вҶ’ 48439223 (й“ҫжңҖж–°: 48439226)
2026-07-10 15:16:54 [INFO] usdc_listener: жү«жҸҸеҢәеқ— 48439223 вҶ’ 48439230 (й“ҫжңҖж–°: 48439233)
2026-07-10 15:17:07 [INFO] usdc_listener: жү«жҸҸеҢәеқ— 48439230 вҶ’ 48439237 (й“ҫжңҖж–°: 48439240)
2026-07-10 15:17:21 [INFO] usdc_listener: жү«жҸҸеҢәеқ— 48439237 вҶ’ 48439244 (й“ҫжңҖж–°: 48439247)
2026-07-10 15:17:34 [INFO] usdc_listener: жү«жҸҸеҢәеқ— 48439244 вҶ’ 48439250 (й“ҫжңҖж–°: 48439253)
2026-07-10 15:17:48 [INFO] usdc_listener: жү«жҸҸеҢәеқ— 48439250 вҶ’ 48439257 (й“ҫжңҖж–°: 48439260)
2026-07-10 15:18:01 [INFO] usdc_listener: жү«жҸҸеҢәеқ— 48439257 вҶ’ 48439264 (й“ҫжңҖж–°: 48439267)
2026-07-10 15:18:14 [INFO] usdc_listener: жү«жҸҸеҢәеқ— 48439264 вҶ’ 48439270 (й“ҫжңҖж–°: 48439273)
2026-07-10 15:18:28 [INFO] usdc_listener: жү«жҸҸеҢәеқ— 48439270 вҶ’ 48439277 (й“ҫжңҖж–°: 48439280)
2026-07-10 15:18:41 [INFO] usdc_listener: жү«жҸҸеҢәеқ— 48439277 вҶ’ 48439284 (й“ҫжңҖж–°: 48439287)
2026-07-10 15:18:55 [INFO] usdc_listener: жү«жҸҸеҢәеқ— 48439284 вҶ’ 48439290 (й“ҫжңҖж–°: 48439293)
2026-07-10 15:19:08 [INFO] usdc_listener: жү«жҸҸеҢәеқ— 48439290 вҶ’ 48439297 (й“ҫжңҖж–°: 48439300)
2026-07-10 15:19:21 [INFO] usdc_listener: жү«жҸҸеҢәеқ— 48439297 вҶ’ 48439304 (й“ҫжңҖж–°: 48439307)
2026-07-10 15:19:35 [INFO] usdc_listener: жү«жҸҸеҢәеқ— 48439304 вҶ’ 48439311 (й“ҫжңҖж–°: 48439314)
2026-07-10 15:19:48 [INFO] usdc_listener: жү«жҸҸеҢәеқ— 48439311 вҶ’ 48439317 (й“ҫжңҖж–°: 48439320)
2026-07-10 15:20:02 [INFO] usdc_listener: жү«жҸҸеҢәеқ— 48439317 вҶ’ 48439324 (й“ҫжңҖж–°: 48439327)
2026-07-10 15:20:15 [INFO] usdc_listener: жү«жҸҸеҢәеқ— 48439324 вҶ’ 48439331 (й“ҫжңҖж–°: 48439334)
2026-07-10 15:20:28 [INFO] usdc_listener: жү«жҸҸеҢәеқ— 48439331 вҶ’ 48439337 (й“ҫжңҖж–°: 48439340)
2026-07-10 15:20:42 [INFO] usdc_listener: жү«жҸҸеҢәеқ— 48439337 вҶ’ 48439344 (й“ҫжңҖж–°: 48439347)
2026-07-10 15:20:55 [INFO] usdc_listener: жү«жҸҸеҢәеқ— 48439344 вҶ’ 48439351 (й“ҫжңҖж–°: 48439354)
2026-07-10 15:21:08 [INFO] usdc_listener: жү«жҸҸеҢәеқ— 48439351 вҶ’ 48439357 (й“ҫжңҖж–°: 48439360)
2026-07-10 15:21:22 [INFO] usdc_listener: жү«жҸҸеҢәеқ— 48439357 вҶ’ 48439364 (й“ҫжңҖж–°: 48439367)
2026-07-10 15:21:35 [INFO] usdc_listener: жү«жҸҸеҢәеқ— 48439364 вҶ’ 48439371 (й“ҫжңҖж–°: 48439374)
2026-07-10 15:21:49 [INFO] usdc_listener: жү«жҸҸеҢәеқ— 48439371 вҶ’ 48439377 (й“ҫжңҖж–°: 48439380)
2026-07-10 15:22:02 [INFO] usdc_listener: жү«жҸҸеҢәеқ— 48439377 вҶ’ 48439384 (й“ҫжңҖж–°: 48439387)
2026-07-10 15:22:15 [INFO] usdc_listener: жү«жҸҸеҢәеқ— 48439384 вҶ’ 48439391 (й“ҫжңҖж–°: 48439394)
2026-07-10 15:22:29 [INFO] usdc_listener: жү«жҸҸеҢәеқ— 48439391 вҶ’ 48439398 (й“ҫжңҖж–°: 48439401)
2026-07-10 15:22:43 [INFO] usdc_listener: жү«жҸҸеҢәеқ— 48439398 вҶ’ 48439405 (й“ҫжңҖж–°: 48439408)
2026-07-10 15:22:56 [INFO] usdc_listener: жү«жҸҸеҢәеқ— 48439405 вҶ’ 48439411 (й“ҫжңҖж–°: 48439414)
2026-07-10 15:23:10 [INFO] usdc_listener: жү«жҸҸеҢәеқ— 48439411 вҶ’ 48439418 (й“ҫжңҖж–°: 48439421)
2026-07-10 15:23:23 [INFO] usdc_listener: жү«жҸҸеҢәеқ— 48439418 вҶ’ 48439425 (й“ҫжңҖж–°: 48439428)
2026-07-10 15:23:36 [INFO] usdc_listener: жү«жҸҸеҢәеқ— 48439425 вҶ’ 48439431 (й“ҫжңҖж–°: 48439434)
2026-07-10 15:23:50 [INFO] usdc_listener: жү«жҸҸеҢәеқ— 48439431 вҶ’ 48439438 (й“ҫжңҖж–°: 48439441)
2026-07-10 15:24:05 [INFO] usdc_listener: жү«жҸҸеҢәеқ— 48439438 вҶ’ 48439446 (й“ҫжңҖж–°: 48439449)
2026-07-10 15:24:18 [INFO] usdc_listener: жү«жҸҸеҢәеқ— 48439446 вҶ’ 48439452 (й“ҫжңҖж–°: 48439455)
2026-07-10 15:24:32 [INFO] usdc_listener: жү«жҸҸеҢәеқ— 48439452 вҶ’ 48439459 (й“ҫжңҖж–°: 48439462)
2026-07-10 15:24:45 [INFO] usdc_listener: жү«жҸҸеҢәеқ— 48439459 вҶ’ 48439466 (й“ҫжңҖж–°: 48439469)
2026-07-10 15:24:59 [INFO] usdc_listener: жү«жҸҸеҢәеқ— 48439466 вҶ’ 48439473 (й“ҫжңҖж–°: 48439476)
2026-07-10 15:25:12 [INFO] usdc_listener: жү«жҸҸеҢәеқ— 48439473 вҶ’ 48439479 (й“ҫжңҖж–°: 48439482)
2026-07-10 15:25:26 [INFO] usdc_listener: жү«жҸҸеҢәеқ— 48439479 вҶ’ 48439486 (й“ҫжңҖж–°: 48439489)
2026-07-10 15:25:39 [INFO] usdc_listener: жү«жҸҸеҢәеқ— 48439486 вҶ’ 48439493 (й“ҫжңҖж–°: 48439496)
2026-07-10 15:25:52 [INFO] usdc_listener: жү«жҸҸеҢәеқ— 48439493 вҶ’ 48439499 (й“ҫжңҖж–°: 48439502)
2026-07-10 15:26:06 [INFO] usdc_listener: жү«жҸҸеҢәеқ— 48439499 вҶ’ 48439506 (й“ҫжңҖж–°: 48439509)
2026-07-10 15:26:19 [INFO] usdc_listener: жү«жҸҸеҢәеқ— 48439506 вҶ’ 48439513 (й“ҫжңҖж–°: 48439516)
2026-07-10 15:26:33 [INFO] usdc_listener: жү«жҸҸеҢәеқ— 48439513 вҶ’ 48439519 (й“ҫжңҖж–°: 48439522)
2026-07-10 15:26:46 [INFO] usdc_listener: жү«жҸҸеҢәеқ— 48439519 вҶ’ 48439526 (й“ҫжңҖж–°: 48439529)
INFO:     127.0.0.1:50412 - "GET /api/health HTTP/1.1" 200 OK
INFO:     127.0.0.1:50416 - "GET /api/payment/chain-status HTTP/1.1" 200 OK
2026-07-10 15:26:59 [INFO] usdc_listener: жү«жҸҸеҢәеқ— 48439526 вҶ’ 48439533 (й“ҫжңҖж–°: 48439536)
2026-07-10 15:27:13 [INFO] usdc_listener: жү«жҸҸеҢәеқ— 48439533 вҶ’ 48439539 (й“ҫжңҖж–°: 48439542)
2026-07-10 15:27:26 [INFO] usdc_listener: жү«жҸҸеҢәеқ— 48439539 вҶ’ 48439546 (й“ҫжңҖж–°: 48439549)
2026-07-10 15:27:39 [INFO] usdc_listener: жү«жҸҸеҢәеқ— 48439546 вҶ’ 48439553 (й“ҫжңҖж–°: 48439556)
2026-07-10 15:27:53 [INFO] usdc_listener: жү«жҸҸеҢәеқ— 48439553 вҶ’ 48439560 (й“ҫжңҖж–°: 48439563)
2026-07-10 15:28:06 [INFO] usdc_listener: жү«жҸҸеҢәеқ— 48439560 вҶ’ 48439566 (й“ҫжңҖж–°: 48439569)
2026-07-10 15:28:20 [INFO] usdc_listener: жү«жҸҸеҢәеқ— 48439566 вҶ’ 48439573 (й“ҫжңҖж–°: 48439576)
INFO:     115.190.127.67:0 - "GET /api/health HTTP/1.1" 200 OK
2026-07-10 15:28:33 [INFO] usdc_listener: жү«жҸҸеҢәеқ— 48439573 вҶ’ 48439580 (й“ҫжңҖж–°: 48439583)
2026-07-10 15:28:46 [INFO] usdc_listener: жү«жҸҸеҢәеқ— 48439580 вҶ’ 48439586 (й“ҫжңҖж–°: 48439589)
2026-07-10 15:29:00 [INFO] usdc_listener: жү«жҸҸеҢәеқ— 48439586 вҶ’ 48439593 (й“ҫжңҖж–°: 48439596)
2026-07-10 15:29:14 [INFO] usdc_listener: жү«жҸҸеҢәеқ— 48439593 вҶ’ 48439600 (й“ҫжңҖж–°: 48439603)
2026-07-10 15:29:27 [INFO] usdc_listener: жү«жҸҸеҢәеқ— 48439600 вҶ’ 48439607 (й“ҫжңҖж–°: 48439610)
2026-07-10 15:29:41 [INFO] usdc_listener: жү«жҸҸеҢәеқ— 48439607 вҶ’ 48439614 (й“ҫжңҖж–°: 48439617)
2026-07-10 15:29:54 [INFO] usdc_listener: жү«жҸҸеҢәеқ— 48439614 вҶ’ 48439620 (й“ҫжңҖж–°: 48439623)
INFO:     Shutting down
INFO:     Waiting for application shutdown.
2026-07-10 15:30:01 [INFO] usdc_listener: USDCеҗҺеҸ°зӣ‘еҗ¬е·ІеҒңжӯў
2026-07-10 15:30:01 [INFO] bde_api: USDCж”Ҝд»ҳзі»з»ҹе·ІеҒңжӯў
INFO:     Application shutdown complete.
INFO:     Finished server process [10767]
