[Fri Jul 10 10:20:01 AM CST 2026] 守护检查完成
[Fri Jul 10 10:25:01 AM CST 2026] 守护检查完成
[Fri Jul 10 10:30:01 AM CST 2026] 守护检查完成
[Fri Jul 10 10:35:01 AM CST 2026] 守护检查完成
[Fri Jul 10 10:40:01 AM CST 2026] 守护检查完成
[Fri Jul 10 10:45:01 AM CST 2026] 守护检查完成
[Fri Jul 10 10:50:01 AM CST 2026] 守护检查完成
[Fri Jul 10 10:55:01 AM CST 2026] 守护检查完成
[Fri Jul 10 11:00:02 AM CST 2026] 守护检查完成
[Fri Jul 10 11:05:01 AM CST 2026] 守护检查完成
[Fri Jul 10 11:10:01 AM CST 2026] 守护检查完成
[Fri Jul 10 11:15:02 AM CST 2026] 守护检查完成
[Fri Jul 10 11:20:01 AM CST 2026] 守护检查完成
[Fri Jul 10 11:25:01 AM CST 2026] 守护检查完成
[Fri Jul 10 11:30:01 AM CST 2026] 守护检查完成
[Fri Jul 10 11:35:02 AM CST 2026] 守护检查完成
[Fri Jul 10 11:40:01 AM CST 2026] 守护检查完成
[Fri Jul 10 11:45:01 AM CST 2026] 守护检查完成
[Fri Jul 10 11:50:01 AM CST 2026] 守护检查完成
[Fri Jul 10 11:55:01 AM CST 2026] 守护检查完成
[Fri Jul 10 12:00:01 PM CST 2026] 守护检查完成
[Fri Jul 10 12:05:01 PM CST 2026] 守护检查完成
[Fri Jul 10 12:10:01 PM CST 2026] 守护检查完成
[Fri Jul 10 12:15:02 PM CST 2026] 守护检查完成
[Fri Jul 10 12:20:01 PM CST 2026] 守护检查完成
[Fri Jul 10 12:25:01 PM CST 2026] 守护检查完成
[Fri Jul 10 12:30:01 PM CST 2026] 守护检查完成
[Fri Jul 10 12:35:01 PM CST 2026] 守护检查完成
[Fri Jul 10 12:40:01 PM CST 2026] 守护检查完成
[Fri Jul 10 12:45:01 PM CST 2026] BDE-API 已停止，正在重启...
[Fri Jul 10 12:45:03 PM CST 2026] BDE-API 重启成功
[Fri Jul 10 12:45:03 PM CST 2026] 守护检查完成
[Fri Jul 10 12:50:01 PM CST 2026] Bore-Tunnel 已停止，正在重启...
[Fri Jul 10 12:50:03 PM CST 2026] Bore-Tunnel 重启成功
[Fri Jul 10 12:50:03 PM CST 2026] 守护检查完成
[Fri Jul 10 12:55:02 PM CST 2026] Bore-Tunnel 已停止，正在重启...
[Fri Jul 10 12:55:04 PM CST 2026] Bore-Tunnel 重启成功
[Fri Jul 10 12:55:04 PM CST 2026] 守护检查完成
[Fri Jul 10 01:00:01 PM CST 2026] 守护检查完成
[Fri Jul 10 01:05:01 PM CST 2026] 守护检查完成
[Fri Jul 10 01:10:01 PM CST 2026] 守护检查完成
[Fri Jul 10 01:15:01 PM CST 2026] 守护检查完成
[Fri Jul 10 01:20:01 PM CST 2026] 守护检查完成
[Fri Jul 10 01:25:01 PM CST 2026] 守护检查完成
[Fri Jul 10 01:30:01 PM CST 2026] 守护检查完成
[Fri Jul 10 01:35:01 PM CST 2026] 守护检查完成
[Fri Jul 10 01:40:03 PM CST 2026] 守护检查完成
[Fri Jul 10 01:45:01 PM CST 2026] BDE-API 已停止，正在重启...
[Fri Jul 10 01:45:03 PM CST 2026] BDE-API 重启成功
[Fri Jul 10 01:45:03 PM CST 2026] 守护检查完成
[Fri Jul 10 01:53:31 PM CST 2026] 守护检查完成
[Fri Jul 10 01:57:51 PM CST 2026] 守护检查完成
[Fri Jul 10 02:00:02 PM CST 2026] FutuOpenD 已停止，正在重启...
[Fri Jul 10 02:00:04 PM CST 2026] FutuOpenD 重启失败！
[Fri Jul 10 02:00:04 PM CST 2026] BDE-API 已停止，正在重启...
[Fri Jul 10 02:00:06 PM CST 2026] BDE-API 重启失败！
[Fri Jul 10 02:00:06 PM CST 2026] Bore-Tunnel 已停止，正在重启...
[Fri Jul 10 02:00:08 PM CST 2026] Bore-Tunnel 重启成功
[Fri Jul 10 02:00:08 PM CST 2026] 守护检查完成
[Fri Jul 10 02:05:01 PM CST 2026] BDE-API 已停止，正在重启...
[Fri Jul 10 02:05:03 PM CST 2026] BDE-API 重启失败！
[Fri Jul 10 02:05:04 PM CST 2026] 守护检查完成
[Fri Jul 10 02:10:01 PM CST 2026] FutuOpenD 已停止，正在重启...
[Fri Jul 10 02:10:03 PM CST 2026] FutuOpenD 重启失败！
[Fri Jul 10 02:10:03 PM CST 2026] 守护检查完成
[Fri Jul 10 02:15:01 PM CST 2026] FutuOpenD 已停止，正在重启...
[Fri Jul 10 02:15:03 PM CST 2026] FutuOpenD 重启失败！
[Fri Jul 10 02:15:03 PM CST 2026] 守护检查完成
[Fri Jul 10 02:20:01 PM CST 2026] FutuOpenD 已停止，正在重启...
[Fri Jul 10 02:20:03 PM CST 2026] FutuOpenD 重启失败！
[Fri Jul 10 02:20:04 PM CST 2026] 守护检查完成
[Fri Jul 10 02:25:01 PM CST 2026] FutuOpenD 已停止，正在重启...
[Fri Jul 10 02:25:03 PM CST 2026] FutuOpenD 重启失败！
[Fri Jul 10 02:25:03 PM CST 2026] 守护检查完成
[Fri Jul 10 02:30:01 PM CST 2026] FutuOpenD 已停止，正在重启...
[Fri Jul 10 02:30:03 PM CST 2026] FutuOpenD 重启失败！
[Fri Jul 10 02:30:03 PM CST 2026] 守护检查完成
[Fri Jul 10 02:35:01 PM CST 2026] FutuOpenD 已停止，正在重启...
[Fri Jul 10 02:35:03 PM CST 2026] FutuOpenD 重启失败！
[Fri Jul 10 02:35:03 PM CST 2026] 守护检查完成
[Fri Jul 10 02:40:01 PM CST 2026] FutuOpenD 已停止，正在重启...
[Fri Jul 10 02:40:04 PM CST 2026] FutuOpenD 重启失败！
[Fri Jul 10 02:40:04 PM CST 2026] 守护检查完成
[Fri Jul 10 02:45:01 PM CST 2026] FutuOpenD 已停止，正在重启...
[Fri Jul 10 02:45:03 PM CST 2026] FutuOpenD 重启失败！
[Fri Jul 10 02:45:03 PM CST 2026] 守护检查完成
